[0.477s] Invoking command in '/home/ubuntu/turtlebot3_web_nav/src/turtlebot3_web_nav': PYTHONPATH=/home/ubuntu/turtlebot3_web_nav/build/turtlebot3_web_nav/prefix_override:/usr/lib/python3/dist-packages/colcon_core/task/python/colcon_distutils_commands:/home/ubuntu/turtlebot3_web_nav/install/turtlebot3_web_nav/lib/python3.10/site-packages:${PYTHONPATH} /usr/bin/python3 -W ignore:setup.py install is deprecated setup.py egg_info --egg-base ../../build/turtlebot3_web_nav build --build-base /home/ubuntu/turtlebot3_web_nav/build/turtlebot3_web_nav/build install --record /home/ubuntu/turtlebot3_web_nav/build/turtlebot3_web_nav/install.log --single-version-externally-managed install_data
[0.610s] running egg_info
[0.611s] creating ../../build/turtlebot3_web_nav/turtlebot3_web_nav.egg-info
[0.611s] writing ../../build/turtlebot3_web_nav/turtlebot3_web_nav.egg-info/PKG-INFO
[0.611s] writing dependency_links to ../../build/turtlebot3_web_nav/turtlebot3_web_nav.egg-info/dependency_links.txt
[0.611s] writing entry points to ../../build/turtlebot3_web_nav/turtlebot3_web_nav.egg-info/entry_points.txt
[0.611s] writing requirements to ../../build/turtlebot3_web_nav/turtlebot3_web_nav.egg-info/requires.txt
[0.611s] writing top-level names to ../../build/turtlebot3_web_nav/turtlebot3_web_nav.egg-info/top_level.txt
[0.611s] writing manifest file '../../build/turtlebot3_web_nav/turtlebot3_web_nav.egg-info/SOURCES.txt'
[0.614s] reading manifest file '../../build/turtlebot3_web_nav/turtlebot3_web_nav.egg-info/SOURCES.txt'
[0.614s] writing manifest file '../../build/turtlebot3_web_nav/turtlebot3_web_nav.egg-info/SOURCES.txt'
[0.614s] running build
[0.614s] running build_py
[0.614s] creating /home/ubuntu/turtlebot3_web_nav/build/turtlebot3_web_nav/build
[0.615s] creating /home/ubuntu/turtlebot3_web_nav/build/turtlebot3_web_nav/build/lib
[0.615s] creating /home/ubuntu/turtlebot3_web_nav/build/turtlebot3_web_nav/build/lib/turtlebot3_web_nav
[0.615s] copying turtlebot3_web_nav/__init__.py -> /home/ubuntu/turtlebot3_web_nav/build/turtlebot3_web_nav/build/lib/turtlebot3_web_nav
[0.615s] copying turtlebot3_web_nav/ros2_bridge.py -> /home/ubuntu/turtlebot3_web_nav/build/turtlebot3_web_nav/build/lib/turtlebot3_web_nav
[0.615s] running install
[0.615s] running install_lib
[0.616s] creating /home/ubuntu/turtlebot3_web_nav/install/turtlebot3_web_nav/lib/python3.10/site-packages/turtlebot3_web_nav
[0.616s] copying /home/ubuntu/turtlebot3_web_nav/build/turtlebot3_web_nav/build/lib/turtlebot3_web_nav/__init__.py -> /home/ubuntu/turtlebot3_web_nav/install/turtlebot3_web_nav/lib/python3.10/site-packages/turtlebot3_web_nav
[0.616s] copying /home/ubuntu/turtlebot3_web_nav/build/turtlebot3_web_nav/build/lib/turtlebot3_web_nav/ros2_bridge.py -> /home/ubuntu/turtlebot3_web_nav/install/turtlebot3_web_nav/lib/python3.10/site-packages/turtlebot3_web_nav
[0.617s] byte-compiling /home/ubuntu/turtlebot3_web_nav/install/turtlebot3_web_nav/lib/python3.10/site-packages/turtlebot3_web_nav/__init__.py to __init__.cpython-310.pyc
[0.617s] byte-compiling /home/ubuntu/turtlebot3_web_nav/install/turtlebot3_web_nav/lib/python3.10/site-packages/turtlebot3_web_nav/ros2_bridge.py to ros2_bridge.cpython-310.pyc
[0.618s] running install_data
[0.618s] creating /home/ubuntu/turtlebot3_web_nav/install/turtlebot3_web_nav/share/ament_index
[0.618s] creating /home/ubuntu/turtlebot3_web_nav/install/turtlebot3_web_nav/share/ament_index/resource_index
[0.618s] creating /home/ubuntu/turtlebot3_web_nav/install/turtlebot3_web_nav/share/ament_index/resource_index/packages
[0.618s] copying resource/turtlebot3_web_nav -> /home/ubuntu/turtlebot3_web_nav/install/turtlebot3_web_nav/share/ament_index/resource_index/packages
[0.618s] copying package.xml -> /home/ubuntu/turtlebot3_web_nav/install/turtlebot3_web_nav/share/turtlebot3_web_nav
[0.618s] running install_egg_info
[0.620s] Copying ../../build/turtlebot3_web_nav/turtlebot3_web_nav.egg-info to /home/ubuntu/turtlebot3_web_nav/install/turtlebot3_web_nav/lib/python3.10/site-packages/turtlebot3_web_nav-0.0.0-py3.10.egg-info
[0.620s] running install_scripts
[0.633s] Installing ros2_bridge script to /home/ubuntu/turtlebot3_web_nav/install/turtlebot3_web_nav/lib/turtlebot3_web_nav
[0.633s] writing list of installed files to '/home/ubuntu/turtlebot3_web_nav/build/turtlebot3_web_nav/install.log'
[0.647s] Invoked command in '/home/ubuntu/turtlebot3_web_nav/src/turtlebot3_web_nav' returned '0': PYTHONPATH=/home/ubuntu/turtlebot3_web_nav/build/turtlebot3_web_nav/prefix_override:/usr/lib/python3/dist-packages/colcon_core/task/python/colcon_distutils_commands:/home/ubuntu/turtlebot3_web_nav/install/turtlebot3_web_nav/lib/python3.10/site-packages:${PYTHONPATH} /usr/bin/python3 -W ignore:setup.py install is deprecated setup.py egg_info --egg-base ../../build/turtlebot3_web_nav build --build-base /home/ubuntu/turtlebot3_web_nav/build/turtlebot3_web_nav/build install --record /home/ubuntu/turtlebot3_web_nav/build/turtlebot3_web_nav/install.log --single-version-externally-managed install_data
