[0.469s] Invoking command in '/home/ubuntu/turtlebot3_web_nav/src/turtlebot3_web_nav': PYTHONPATH=/home/ubuntu/turtlebot3_web_nav/build/turtlebot3_web_nav/prefix_override:/usr/lib/python3/dist-packages/colcon_core/task/python/colcon_distutils_commands:/home/ubuntu/turtlebot3_web_nav/install/turtlebot3_web_nav/lib/python3.10/site-packages:${PYTHONPATH} /usr/bin/python3 -W ignore:setup.py install is deprecated setup.py egg_info --egg-base ../../build/turtlebot3_web_nav build --build-base /home/ubuntu/turtlebot3_web_nav/build/turtlebot3_web_nav/build install --record /home/ubuntu/turtlebot3_web_nav/build/turtlebot3_web_nav/install.log --single-version-externally-managed install_data
[0.593s] running egg_info
[0.594s] writing ../../build/turtlebot3_web_nav/turtlebot3_web_nav.egg-info/PKG-INFO
[0.594s] writing dependency_links to ../../build/turtlebot3_web_nav/turtlebot3_web_nav.egg-info/dependency_links.txt
[0.594s] writing entry points to ../../build/turtlebot3_web_nav/turtlebot3_web_nav.egg-info/entry_points.txt
[0.594s] writing requirements to ../../build/turtlebot3_web_nav/turtlebot3_web_nav.egg-info/requires.txt
[0.594s] writing top-level names to ../../build/turtlebot3_web_nav/turtlebot3_web_nav.egg-info/top_level.txt
[0.595s] reading manifest file '../../build/turtlebot3_web_nav/turtlebot3_web_nav.egg-info/SOURCES.txt'
[0.596s] writing manifest file '../../build/turtlebot3_web_nav/turtlebot3_web_nav.egg-info/SOURCES.txt'
[0.596s] running build
[0.596s] running build_py
[0.596s] running install
[0.596s] running install_lib
[0.597s] running install_data
[0.597s] running install_egg_info
[0.598s] removing '/home/ubuntu/turtlebot3_web_nav/install/turtlebot3_web_nav/lib/python3.10/site-packages/turtlebot3_web_nav-0.0.0-py3.10.egg-info' (and everything under it)
[0.598s] Copying ../../build/turtlebot3_web_nav/turtlebot3_web_nav.egg-info to /home/ubuntu/turtlebot3_web_nav/install/turtlebot3_web_nav/lib/python3.10/site-packages/turtlebot3_web_nav-0.0.0-py3.10.egg-info
[0.599s] running install_scripts
[0.612s] Installing ros2_bridge script to /home/ubuntu/turtlebot3_web_nav/install/turtlebot3_web_nav/lib/turtlebot3_web_nav
[0.612s] writing list of installed files to '/home/ubuntu/turtlebot3_web_nav/build/turtlebot3_web_nav/install.log'
[0.625s] Invoked command in '/home/ubuntu/turtlebot3_web_nav/src/turtlebot3_web_nav' returned '0': PYTHONPATH=/home/ubuntu/turtlebot3_web_nav/build/turtlebot3_web_nav/prefix_override:/usr/lib/python3/dist-packages/colcon_core/task/python/colcon_distutils_commands:/home/ubuntu/turtlebot3_web_nav/install/turtlebot3_web_nav/lib/python3.10/site-packages:${PYTHONPATH} /usr/bin/python3 -W ignore:setup.py install is deprecated setup.py egg_info --egg-base ../../build/turtlebot3_web_nav build --build-base /home/ubuntu/turtlebot3_web_nav/build/turtlebot3_web_nav/build install --record /home/ubuntu/turtlebot3_web_nav/build/turtlebot3_web_nav/install.log --single-version-externally-managed install_data
