[0.121s] DEBUG:colcon:Command line arguments: ['/usr/bin/colcon', 'build']
[0.121s] DEBUG:colcon:Parsed command line arguments: Namespace(log_base=None, log_level=None, verb_name='build', build_base='build', install_base='install', merge_install=False, symlink_install=False, test_result_base=None, continue_on_error=False, executor='parallel', parallel_workers=16, event_handlers=None, ignore_user_meta=False, metas=['./colcon.meta'], base_paths=['.'], packages_ignore=None, packages_ignore_regex=None, paths=None, packages_up_to=None, packages_up_to_regex=None, packages_above=None, packages_above_and_dependencies=None, packages_above_depth=None, packages_select_by_dep=None, packages_skip_by_dep=None, packages_skip_up_to=None, packages_select_build_failed=False, packages_skip_build_finished=False, packages_select_test_failures=False, packages_skip_test_passed=False, packages_select=None, packages_skip=None, packages_select_regex=None, packages_skip_regex=None, packages_start=None, packages_end=None, allow_overriding=[], cmake_args=None, cmake_target=None, cmake_target_skip_unavailable=False, cmake_clean_cache=False, cmake_clean_first=False, cmake_force_configure=False, ament_cmake_args=None, catkin_cmake_args=None, catkin_skip_building_tests=False, mixin_files=None, mixin=None, verb_parser=<colcon_mixin.mixin.mixin_argument.MixinArgumentDecorator object at 0x7f0c961fe860>, verb_extension=<colcon_core.verb.build.BuildVerb object at 0x7f0c962faef0>, main=<bound method BuildVerb.main of <colcon_core.verb.build.BuildVerb object at 0x7f0c962faef0>>, mixin_verb=('build',))
[0.347s] Level 1:colcon.colcon_core.package_discovery:discover_packages(colcon_meta) check parameters
[0.347s] Level 1:colcon.colcon_core.package_discovery:discover_packages(recursive) check parameters
[0.347s] Level 1:colcon.colcon_core.package_discovery:discover_packages(ignore) check parameters
[0.347s] Level 1:colcon.colcon_core.package_discovery:discover_packages(path) check parameters
[0.347s] Level 1:colcon.colcon_core.package_discovery:discover_packages(colcon_meta) discover
[0.347s] Level 1:colcon.colcon_core.package_discovery:discover_packages(recursive) discover
[0.348s] INFO:colcon.colcon_core.package_discovery:Crawling recursively for packages in '/home/ubuntu/turtlebot3_web_nav'
[0.348s] Level 1:colcon.colcon_core.package_identification:_identify(.) by extensions ['ignore', 'ignore_ament_install']
[0.348s] Level 1:colcon.colcon_core.package_identification:_identify(.) by extension 'ignore'
[0.348s] Level 1:colcon.colcon_core.package_identification:_identify(.) by extension 'ignore_ament_install'
[0.348s] Level 1:colcon.colcon_core.package_identification:_identify(.) by extensions ['colcon_pkg']
[0.348s] Level 1:colcon.colcon_core.package_identification:_identify(.) by extension 'colcon_pkg'
[0.348s] Level 1:colcon.colcon_core.package_identification:_identify(.) by extensions ['colcon_meta']
[0.348s] Level 1:colcon.colcon_core.package_identification:_identify(.) by extension 'colcon_meta'
[0.348s] Level 1:colcon.colcon_core.package_identification:_identify(.) by extensions ['ros']
[0.348s] Level 1:colcon.colcon_core.package_identification:_identify(.) by extension 'ros'
[0.357s] Level 1:colcon.colcon_core.package_identification:_identify(.) by extensions ['cmake', 'python']
[0.357s] Level 1:colcon.colcon_core.package_identification:_identify(.) by extension 'cmake'
[0.357s] Level 1:colcon.colcon_core.package_identification:_identify(.) by extension 'python'
[0.357s] Level 1:colcon.colcon_core.package_identification:_identify(.) by extensions ['python_setup_py']
[0.357s] Level 1:colcon.colcon_core.package_identification:_identify(.) by extension 'python_setup_py'
[0.357s] Level 1:colcon.colcon_core.package_identification:_identify(backend) by extensions ['ignore', 'ignore_ament_install']
[0.357s] Level 1:colcon.colcon_core.package_identification:_identify(backend) by extension 'ignore'
[0.357s] Level 1:colcon.colcon_core.package_identification:_identify(backend) by extension 'ignore_ament_install'
[0.357s] Level 1:colcon.colcon_core.package_identification:_identify(backend) by extensions ['colcon_pkg']
[0.357s] Level 1:colcon.colcon_core.package_identification:_identify(backend) by extension 'colcon_pkg'
[0.357s] Level 1:colcon.colcon_core.package_identification:_identify(backend) by extensions ['colcon_meta']
[0.357s] Level 1:colcon.colcon_core.package_identification:_identify(backend) by extension 'colcon_meta'
[0.357s] Level 1:colcon.colcon_core.package_identification:_identify(backend) by extensions ['ros']
[0.357s] Level 1:colcon.colcon_core.package_identification:_identify(backend) by extension 'ros'
[0.357s] Level 1:colcon.colcon_core.package_identification:_identify(backend) by extensions ['cmake', 'python']
[0.357s] Level 1:colcon.colcon_core.package_identification:_identify(backend) by extension 'cmake'
[0.358s] Level 1:colcon.colcon_core.package_identification:_identify(backend) by extension 'python'
[0.358s] Level 1:colcon.colcon_core.package_identification:_identify(backend) by extensions ['python_setup_py']
[0.358s] Level 1:colcon.colcon_core.package_identification:_identify(backend) by extension 'python_setup_py'
[0.358s] Level 1:colcon.colcon_core.package_identification:_identify(build) by extensions ['ignore', 'ignore_ament_install']
[0.358s] Level 1:colcon.colcon_core.package_identification:_identify(build) by extension 'ignore'
[0.358s] Level 1:colcon.colcon_core.package_identification:_identify(build) ignored
[0.358s] Level 1:colcon.colcon_core.package_identification:_identify(install) by extensions ['ignore', 'ignore_ament_install']
[0.358s] Level 1:colcon.colcon_core.package_identification:_identify(install) by extension 'ignore'
[0.358s] Level 1:colcon.colcon_core.package_identification:_identify(install) ignored
[0.358s] Level 1:colcon.colcon_core.package_identification:_identify(launch) by extensions ['ignore', 'ignore_ament_install']
[0.358s] Level 1:colcon.colcon_core.package_identification:_identify(launch) by extension 'ignore'
[0.358s] Level 1:colcon.colcon_core.package_identification:_identify(launch) by extension 'ignore_ament_install'
[0.358s] Level 1:colcon.colcon_core.package_identification:_identify(launch) by extensions ['colcon_pkg']
[0.358s] Level 1:colcon.colcon_core.package_identification:_identify(launch) by extension 'colcon_pkg'
[0.358s] Level 1:colcon.colcon_core.package_identification:_identify(launch) by extensions ['colcon_meta']
[0.358s] Level 1:colcon.colcon_core.package_identification:_identify(launch) by extension 'colcon_meta'
[0.358s] Level 1:colcon.colcon_core.package_identification:_identify(launch) by extensions ['ros']
[0.358s] Level 1:colcon.colcon_core.package_identification:_identify(launch) by extension 'ros'
[0.358s] Level 1:colcon.colcon_core.package_identification:_identify(launch) by extensions ['cmake', 'python']
[0.358s] Level 1:colcon.colcon_core.package_identification:_identify(launch) by extension 'cmake'
[0.358s] Level 1:colcon.colcon_core.package_identification:_identify(launch) by extension 'python'
[0.358s] Level 1:colcon.colcon_core.package_identification:_identify(launch) by extensions ['python_setup_py']
[0.358s] Level 1:colcon.colcon_core.package_identification:_identify(launch) by extension 'python_setup_py'
[0.358s] Level 1:colcon.colcon_core.package_identification:_identify(log) by extensions ['ignore', 'ignore_ament_install']
[0.358s] Level 1:colcon.colcon_core.package_identification:_identify(log) by extension 'ignore'
[0.358s] Level 1:colcon.colcon_core.package_identification:_identify(log) ignored
[0.358s] Level 1:colcon.colcon_core.package_identification:_identify(src) by extensions ['ignore', 'ignore_ament_install']
[0.358s] Level 1:colcon.colcon_core.package_identification:_identify(src) by extension 'ignore'
[0.358s] Level 1:colcon.colcon_core.package_identification:_identify(src) by extension 'ignore_ament_install'
[0.358s] Level 1:colcon.colcon_core.package_identification:_identify(src) by extensions ['colcon_pkg']
[0.359s] Level 1:colcon.colcon_core.package_identification:_identify(src) by extension 'colcon_pkg'
[0.359s] Level 1:colcon.colcon_core.package_identification:_identify(src) by extensions ['colcon_meta']
[0.359s] Level 1:colcon.colcon_core.package_identification:_identify(src) by extension 'colcon_meta'
[0.359s] Level 1:colcon.colcon_core.package_identification:_identify(src) by extensions ['ros']
[0.359s] Level 1:colcon.colcon_core.package_identification:_identify(src) by extension 'ros'
[0.359s] Level 1:colcon.colcon_core.package_identification:_identify(src) by extensions ['cmake', 'python']
[0.359s] Level 1:colcon.colcon_core.package_identification:_identify(src) by extension 'cmake'
[0.359s] Level 1:colcon.colcon_core.package_identification:_identify(src) by extension 'python'
[0.359s] Level 1:colcon.colcon_core.package_identification:_identify(src) by extensions ['python_setup_py']
[0.359s] Level 1:colcon.colcon_core.package_identification:_identify(src) by extension 'python_setup_py'
[0.359s] Level 1:colcon.colcon_core.package_identification:_identify(src/turtlebot3_web_nav) by extensions ['ignore', 'ignore_ament_install']
[0.359s] Level 1:colcon.colcon_core.package_identification:_identify(src/turtlebot3_web_nav) by extension 'ignore'
[0.359s] Level 1:colcon.colcon_core.package_identification:_identify(src/turtlebot3_web_nav) by extension 'ignore_ament_install'
[0.359s] Level 1:colcon.colcon_core.package_identification:_identify(src/turtlebot3_web_nav) by extensions ['colcon_pkg']
[0.359s] Level 1:colcon.colcon_core.package_identification:_identify(src/turtlebot3_web_nav) by extension 'colcon_pkg'
[0.359s] Level 1:colcon.colcon_core.package_identification:_identify(src/turtlebot3_web_nav) by extensions ['colcon_meta']
[0.359s] Level 1:colcon.colcon_core.package_identification:_identify(src/turtlebot3_web_nav) by extension 'colcon_meta'
[0.359s] Level 1:colcon.colcon_core.package_identification:_identify(src/turtlebot3_web_nav) by extensions ['ros']
[0.359s] Level 1:colcon.colcon_core.package_identification:_identify(src/turtlebot3_web_nav) by extension 'ros'
[0.361s] DEBUG:colcon.colcon_core.package_identification:Package 'src/turtlebot3_web_nav' with type 'ros.ament_python' and name 'turtlebot3_web_nav'
[0.361s] Level 1:colcon.colcon_core.package_identification:_identify(web_app) by extensions ['ignore', 'ignore_ament_install']
[0.361s] Level 1:colcon.colcon_core.package_identification:_identify(web_app) by extension 'ignore'
[0.361s] Level 1:colcon.colcon_core.package_identification:_identify(web_app) by extension 'ignore_ament_install'
[0.361s] Level 1:colcon.colcon_core.package_identification:_identify(web_app) by extensions ['colcon_pkg']
[0.361s] Level 1:colcon.colcon_core.package_identification:_identify(web_app) by extension 'colcon_pkg'
[0.361s] Level 1:colcon.colcon_core.package_identification:_identify(web_app) by extensions ['colcon_meta']
[0.361s] Level 1:colcon.colcon_core.package_identification:_identify(web_app) by extension 'colcon_meta'
[0.362s] Level 1:colcon.colcon_core.package_identification:_identify(web_app) by extensions ['ros']
[0.362s] Level 1:colcon.colcon_core.package_identification:_identify(web_app) by extension 'ros'
[0.362s] Level 1:colcon.colcon_core.package_identification:_identify(web_app) by extensions ['cmake', 'python']
[0.362s] Level 1:colcon.colcon_core.package_identification:_identify(web_app) by extension 'cmake'
[0.362s] Level 1:colcon.colcon_core.package_identification:_identify(web_app) by extension 'python'
[0.362s] Level 1:colcon.colcon_core.package_identification:_identify(web_app) by extensions ['python_setup_py']
[0.362s] Level 1:colcon.colcon_core.package_identification:_identify(web_app) by extension 'python_setup_py'
[0.362s] Level 1:colcon.colcon_core.package_discovery:discover_packages(recursive) using defaults
[0.362s] Level 1:colcon.colcon_core.package_discovery:discover_packages(ignore) discover
[0.362s] Level 1:colcon.colcon_core.package_discovery:discover_packages(ignore) using defaults
[0.362s] Level 1:colcon.colcon_core.package_discovery:discover_packages(path) discover
[0.362s] Level 1:colcon.colcon_core.package_discovery:discover_packages(path) using defaults
[0.388s] Level 1:colcon.colcon_core.package_discovery:discover_packages(prefix_path) check parameters
[0.388s] Level 1:colcon.colcon_core.package_discovery:discover_packages(prefix_path) discover
[0.390s] DEBUG:colcon.colcon_installed_package_information.package_discovery:Found 1 installed packages in /home/ubuntu/turtlebot3_web_nav/install
[0.392s] DEBUG:colcon.colcon_installed_package_information.package_discovery:Found 387 installed packages in /opt/ros/humble
[0.393s] Level 1:colcon.colcon_core.package_discovery:discover_packages(prefix_path) using defaults
[0.467s] Level 5:colcon.colcon_core.verb:set package 'turtlebot3_web_nav' build argument 'cmake_args' from command line to 'None'
[0.467s] Level 5:colcon.colcon_core.verb:set package 'turtlebot3_web_nav' build argument 'cmake_target' from command line to 'None'
[0.467s] Level 5:colcon.colcon_core.verb:set package 'turtlebot3_web_nav' build argument 'cmake_target_skip_unavailable' from command line to 'False'
[0.467s] Level 5:colcon.colcon_core.verb:set package 'turtlebot3_web_nav' build argument 'cmake_clean_cache' from command line to 'False'
[0.467s] Level 5:colcon.colcon_core.verb:set package 'turtlebot3_web_nav' build argument 'cmake_clean_first' from command line to 'False'
[0.468s] Level 5:colcon.colcon_core.verb:set package 'turtlebot3_web_nav' build argument 'cmake_force_configure' from command line to 'False'
[0.468s] Level 5:colcon.colcon_core.verb:set package 'turtlebot3_web_nav' build argument 'ament_cmake_args' from command line to 'None'
[0.468s] Level 5:colcon.colcon_core.verb:set package 'turtlebot3_web_nav' build argument 'catkin_cmake_args' from command line to 'None'
[0.468s] Level 5:colcon.colcon_core.verb:set package 'turtlebot3_web_nav' build argument 'catkin_skip_building_tests' from command line to 'False'
[0.468s] DEBUG:colcon.colcon_core.verb:Building package 'turtlebot3_web_nav' with the following arguments: {'ament_cmake_args': None, 'build_base': '/home/ubuntu/turtlebot3_web_nav/build/turtlebot3_web_nav', 'catkin_cmake_args': None, 'catkin_skip_building_tests': False, 'cmake_args': None, 'cmake_clean_cache': False, 'cmake_clean_first': False, 'cmake_force_configure': False, 'cmake_target': None, 'cmake_target_skip_unavailable': False, 'install_base': '/home/ubuntu/turtlebot3_web_nav/install/turtlebot3_web_nav', 'merge_install': False, 'path': '/home/ubuntu/turtlebot3_web_nav/src/turtlebot3_web_nav', 'symlink_install': False, 'test_result_base': None}
[0.468s] INFO:colcon.colcon_core.executor:Executing jobs using 'parallel' executor
[0.468s] DEBUG:colcon.colcon_parallel_executor.executor.parallel:run_until_complete
[0.469s] INFO:colcon.colcon_ros.task.ament_python.build:Building ROS package in '/home/ubuntu/turtlebot3_web_nav/src/turtlebot3_web_nav' with build type 'ament_python'
[0.469s] Level 1:colcon.colcon_core.shell:create_environment_hook('turtlebot3_web_nav', 'ament_prefix_path')
[0.473s] INFO:colcon.colcon_core.plugin_system:Skipping extension 'colcon_core.shell.bat': Not used on non-Windows systems
[0.473s] INFO:colcon.colcon_core.shell:Creating environment hook '/home/ubuntu/turtlebot3_web_nav/install/turtlebot3_web_nav/share/turtlebot3_web_nav/hook/ament_prefix_path.ps1'
[0.474s] INFO:colcon.colcon_core.shell:Creating environment descriptor '/home/ubuntu/turtlebot3_web_nav/install/turtlebot3_web_nav/share/turtlebot3_web_nav/hook/ament_prefix_path.dsv'
[0.474s] INFO:colcon.colcon_core.shell:Creating environment hook '/home/ubuntu/turtlebot3_web_nav/install/turtlebot3_web_nav/share/turtlebot3_web_nav/hook/ament_prefix_path.sh'
[0.475s] INFO:colcon.colcon_core.shell:Skip shell extension 'powershell' for command environment: Not usable outside of PowerShell
[0.475s] DEBUG:colcon.colcon_core.shell:Skip shell extension 'dsv' for command environment
[0.618s] INFO:colcon.colcon_core.task.python.build:Building Python package in '/home/ubuntu/turtlebot3_web_nav/src/turtlebot3_web_nav'
[0.619s] INFO:colcon.colcon_core.shell:Skip shell extension 'powershell' for command environment: Not usable outside of PowerShell
[0.619s] DEBUG:colcon.colcon_core.shell:Skip shell extension 'dsv' for command environment
[0.938s] DEBUG:colcon.colcon_core.event_handler.log_command:Invoking command in '/home/ubuntu/turtlebot3_web_nav/src/turtlebot3_web_nav': PYTHONPATH=/home/ubuntu/turtlebot3_web_nav/build/turtlebot3_web_nav/prefix_override:/usr/lib/python3/dist-packages/colcon_core/task/python/colcon_distutils_commands:/home/ubuntu/turtlebot3_web_nav/install/turtlebot3_web_nav/lib/python3.10/site-packages:${PYTHONPATH} /usr/bin/python3 -W ignore:setup.py install is deprecated setup.py egg_info --egg-base ../../build/turtlebot3_web_nav build --build-base /home/ubuntu/turtlebot3_web_nav/build/turtlebot3_web_nav/build install --record /home/ubuntu/turtlebot3_web_nav/build/turtlebot3_web_nav/install.log --single-version-externally-managed install_data
[1.094s] DEBUG:colcon.colcon_core.event_handler.log_command:Invoked command in '/home/ubuntu/turtlebot3_web_nav/src/turtlebot3_web_nav' returned '0': PYTHONPATH=/home/ubuntu/turtlebot3_web_nav/build/turtlebot3_web_nav/prefix_override:/usr/lib/python3/dist-packages/colcon_core/task/python/colcon_distutils_commands:/home/ubuntu/turtlebot3_web_nav/install/turtlebot3_web_nav/lib/python3.10/site-packages:${PYTHONPATH} /usr/bin/python3 -W ignore:setup.py install is deprecated setup.py egg_info --egg-base ../../build/turtlebot3_web_nav build --build-base /home/ubuntu/turtlebot3_web_nav/build/turtlebot3_web_nav/build install --record /home/ubuntu/turtlebot3_web_nav/build/turtlebot3_web_nav/install.log --single-version-externally-managed install_data
[1.099s] Level 1:colcon.colcon_core.environment:checking '/home/ubuntu/turtlebot3_web_nav/install/turtlebot3_web_nav' for CMake module files
[1.099s] Level 1:colcon.colcon_core.environment:checking '/home/ubuntu/turtlebot3_web_nav/install/turtlebot3_web_nav' for CMake config files
[1.101s] Level 1:colcon.colcon_core.environment:checking '/home/ubuntu/turtlebot3_web_nav/install/turtlebot3_web_nav/lib'
[1.102s] Level 1:colcon.colcon_core.environment:checking '/home/ubuntu/turtlebot3_web_nav/install/turtlebot3_web_nav/bin'
[1.102s] Level 1:colcon.colcon_core.environment:checking '/home/ubuntu/turtlebot3_web_nav/install/turtlebot3_web_nav/lib/pkgconfig/turtlebot3_web_nav.pc'
[1.102s] Level 1:colcon.colcon_core.environment:checking '/home/ubuntu/turtlebot3_web_nav/install/turtlebot3_web_nav/lib/python3.10/site-packages'
[1.102s] Level 1:colcon.colcon_core.shell:create_environment_hook('turtlebot3_web_nav', 'pythonpath')
[1.102s] INFO:colcon.colcon_core.shell:Creating environment hook '/home/ubuntu/turtlebot3_web_nav/install/turtlebot3_web_nav/share/turtlebot3_web_nav/hook/pythonpath.ps1'
[1.102s] INFO:colcon.colcon_core.shell:Creating environment descriptor '/home/ubuntu/turtlebot3_web_nav/install/turtlebot3_web_nav/share/turtlebot3_web_nav/hook/pythonpath.dsv'
[1.102s] INFO:colcon.colcon_core.shell:Creating environment hook '/home/ubuntu/turtlebot3_web_nav/install/turtlebot3_web_nav/share/turtlebot3_web_nav/hook/pythonpath.sh'
[1.103s] Level 1:colcon.colcon_core.environment:checking '/home/ubuntu/turtlebot3_web_nav/install/turtlebot3_web_nav/bin'
[1.103s] Level 1:colcon.colcon_core.environment:create_environment_scripts_only(turtlebot3_web_nav)
[1.103s] INFO:colcon.colcon_core.shell:Creating package script '/home/ubuntu/turtlebot3_web_nav/install/turtlebot3_web_nav/share/turtlebot3_web_nav/package.ps1'
[1.104s] INFO:colcon.colcon_core.shell:Creating package descriptor '/home/ubuntu/turtlebot3_web_nav/install/turtlebot3_web_nav/share/turtlebot3_web_nav/package.dsv'
[1.105s] INFO:colcon.colcon_core.shell:Creating package script '/home/ubuntu/turtlebot3_web_nav/install/turtlebot3_web_nav/share/turtlebot3_web_nav/package.sh'
[1.105s] INFO:colcon.colcon_core.shell:Creating package script '/home/ubuntu/turtlebot3_web_nav/install/turtlebot3_web_nav/share/turtlebot3_web_nav/package.bash'
[1.106s] INFO:colcon.colcon_core.shell:Creating package script '/home/ubuntu/turtlebot3_web_nav/install/turtlebot3_web_nav/share/turtlebot3_web_nav/package.zsh'
[1.107s] Level 1:colcon.colcon_core.environment:create_file_with_runtime_dependencies(/home/ubuntu/turtlebot3_web_nav/install/turtlebot3_web_nav/share/colcon-core/packages/turtlebot3_web_nav)
[1.107s] DEBUG:colcon.colcon_parallel_executor.executor.parallel:closing loop
[1.108s] DEBUG:colcon.colcon_parallel_executor.executor.parallel:loop closed
[1.108s] DEBUG:colcon.colcon_parallel_executor.executor.parallel:run_until_complete finished with '0'
[1.108s] DEBUG:colcon.colcon_core.event_reactor:joining thread
[1.123s] INFO:colcon.colcon_core.plugin_system:Skipping extension 'colcon_notification.desktop_notification.notify_send': Could not find 'notify-send'
[1.123s] INFO:colcon.colcon_core.plugin_system:Skipping extension 'colcon_notification.desktop_notification.terminal_notifier': Not used on non-Darwin systems
[1.123s] INFO:colcon.colcon_core.plugin_system:Skipping extension 'colcon_notification.desktop_notification.win32': Not used on non-Windows systems
[1.123s] INFO:colcon.colcon_notification.desktop_notification:Sending desktop notification using 'notify2'
[1.123s] DEBUG:colcon.colcon_notification.desktop_notification.notify2:Failed to initialize notify2: org.freedesktop.DBus.Error.FileNotFound: Failed to connect to socket /run/user/1000/bus: No such file or directory
[1.123s] DEBUG:colcon.colcon_core.event_reactor:joined thread
[1.123s] INFO:colcon.colcon_core.shell:Creating prefix script '/home/ubuntu/turtlebot3_web_nav/install/local_setup.ps1'
[1.125s] INFO:colcon.colcon_core.shell:Creating prefix util module '/home/ubuntu/turtlebot3_web_nav/install/_local_setup_util_ps1.py'
[1.126s] INFO:colcon.colcon_core.shell:Creating prefix chain script '/home/ubuntu/turtlebot3_web_nav/install/setup.ps1'
[1.127s] INFO:colcon.colcon_core.shell:Creating prefix script '/home/ubuntu/turtlebot3_web_nav/install/local_setup.sh'
[1.127s] INFO:colcon.colcon_core.shell:Creating prefix util module '/home/ubuntu/turtlebot3_web_nav/install/_local_setup_util_sh.py'
[1.128s] INFO:colcon.colcon_core.shell:Creating prefix chain script '/home/ubuntu/turtlebot3_web_nav/install/setup.sh'
[1.129s] INFO:colcon.colcon_core.shell:Creating prefix script '/home/ubuntu/turtlebot3_web_nav/install/local_setup.bash'
[1.129s] INFO:colcon.colcon_core.shell:Creating prefix chain script '/home/ubuntu/turtlebot3_web_nav/install/setup.bash'
[1.130s] INFO:colcon.colcon_core.shell:Creating prefix script '/home/ubuntu/turtlebot3_web_nav/install/local_setup.zsh'
[1.131s] INFO:colcon.colcon_core.shell:Creating prefix chain script '/home/ubuntu/turtlebot3_web_nav/install/setup.zsh'
